<?xml version="1.0" encoding="UTF-8"?>
<!-- Generated by org.testng.reporters.JUnitReportReporter -->
<testsuite hostname="DESKTOP-9IKIT4D" failures="0" tests="1" name="testng_parcties.ExcelHandle" time="1.849" errors="0" timestamp="2023-06-18T11:52:58 IST" skipped="0">
  <testcase classname="testng_parcties.ExcelHandle" name="read" time="1.849"/>
  <system-out/>
</testsuite> <!-- testng_parcties.ExcelHandle -->
